#
# A fatal error has been detected by the Java Runtime Environment:
#
#  EXCEPTION_ACCESS_VIOLATION (0xc0000005) at pc=0x0000000077847c98, pid=6436, tid=0x0000000000002044
#
# JRE version: Java(TM) SE Runtime Environment (8.0_201-b09) (build 1.8.0_201-b09)
# Java VM: Java HotSpot(TM) 64-Bit Server VM (25.201-b09 mixed mode windows-amd64 compressed oops)
# Problematic frame:
# V  [jvm.dll+0xf7c98]
#
# Failed to write core dump. Minidumps are not enabled by default on client versions of Windows
#
# If you would like to submit a bug report, please visit:
#   http://bugreport.java.com/bugreport/crash.jsp
#

---------------  T H R E A D  ---------------

Current thread (0x00000000177d1000):  VMThread [stack: 0x0000000018790000,0x0000000018890000] [id=8260]

siginfo: ExceptionCode=0xc0000005, reading address 0x00000000219f6a40

Registers:
RAX=0x00000000001fffe0, RBX=0x000000000000ffff, RCX=0x00000000217f5cb8, RDX=0x00000000217f6a50
RSP=0x000000001888f6d0, RBP=0x000000001888f800, RSI=0x000000000000ffff, RDI=0x00000000217f5cb8
R8 =0x00000000177ce120, R9 =0x0000000000000003, R10=0x0000000000000003, R11=0x00000000217f61b0
R12=0x000000001888f890, R13=0x000000001888f880, R14=0x0000000000000000, R15=0x0000000000000001
RIP=0x0000000077847c98, EFLAGS=0x0000000000010202

Top of Stack: (sp=0x000000001888f6d0)
0x000000001888f6d0:   00000000000000b2 000000001888f800
0x000000001888f6e0:   00000000000000b2 000000001888f8a0
0x000000001888f6f0:   0000000000000003 00000000779251f0
0x000000001888f700:   00000000000000b2 00000000000000b2
0x000000001888f710:   0000000000000000 0000000018f836d0
0x000000001888f720:   0000000003335800 0000000003335732
0x000000001888f730:   0000000003335768 0000000077a51a9e
0x000000001888f740:   00000000033357ff 000000000265000a
0x000000001888f750:   000000001888f748 0000000059010000
0x000000001888f760:   0000000003335780 00000000777e1a5d
0x000000001888f770:   0000e5c61db8ec4c 0000000003335780
0x000000001888f780:   0000e5c61db8ed5c 0000000018f841a0
0x000000001888f790:   0000000002a461a0 00000000777e4715
0x000000001888f7a0:   00000000177d02e0 00000000777efc0e
0x000000001888f7b0:   0000000018f8b6b8 0000000000000027
0x000000001888f7c0:   0000000021075690 0000000000000000 

Instructions: (pc=0x0000000077847c98)
0x0000000077847c78:   00 ba e1 01 00 00 e8 7d 08 18 00 e8 f8 18 1a 00
0x0000000077847c88:   48 8b 57 10 48 85 d2 74 0f 48 8b c3 48 c1 e0 05
0x0000000077847c98:   48 8b 44 10 10 0f b7 d8 48 63 c3 0f b7 44 c7 50
0x0000000077847ca8:   48 8b 44 c7 50 48 89 44 24 30 f6 d0 48 8b 4c 24 


Register to memory mapping:

RAX=0x00000000001fffe0 is an unknown value
RBX=0x000000000000ffff is an unknown value
RCX=0x00000000217f5cb8 is pointing into metadata
RDX=0x00000000217f6a50 is pointing into metadata
RSP=0x000000001888f6d0 is an unknown value
RBP=0x000000001888f800 is an unknown value
RSI=0x000000000000ffff is an unknown value
RDI=0x00000000217f5cb8 is pointing into metadata
R8 =0x00000000177ce120 is an unknown value
R9 =0x0000000000000003 is an unknown value
R10=0x0000000000000003 is an unknown value
R11=0x00000000217f61b0 is pointing into metadata
R12=0x000000001888f890 is an unknown value
R13=0x000000001888f880 is an unknown value
R14=0x0000000000000000 is an unknown value
R15=0x0000000000000001 is an unknown value


Stack: [0x0000000018790000,0x0000000018890000],  sp=0x000000001888f6d0,  free space=1021k
Native frames: (J=compiled Java code, j=interpreted, Vv=VM code, C=native code)
V  [jvm.dll+0xf7c98]
V  [jvm.dll+0x1d51f0]
V  [jvm.dll+0x1d6142]
V  [jvm.dll+0x1c3b04]
V  [jvm.dll+0x1c8c97]
V  [jvm.dll+0x1c920b]
V  [jvm.dll+0x24d407]
V  [jvm.dll+0x24c6a6]
V  [jvm.dll+0x24cb41]
V  [jvm.dll+0x24cd5e]
V  [jvm.dll+0x29fb6a]
C  [msvcr100.dll+0x21db7]
C  [msvcr100.dll+0x21e53]
C  [kernel32.dll+0x159cd]
C  [ntdll.dll+0x5385d]

VM_Operation (0x00000000198af690): RedefineClasses, mode: safepoint, requested by thread 0x0000000018b9e800, redefining class com.cg.emp.controller.EmployeeController



---------------  P R O C E S S  ---------------

Java Threads: ( => current thread )
  0x000000001e8eb000 JavaThread "RMI TCP Connection(idle)" daemon [_thread_blocked, id=564, stack(0x0000000021470000,0x0000000021570000)]
  0x000000001e8e9800 JavaThread "DestroyJavaVM" [_thread_blocked, id=4756, stack(0x0000000002900000,0x0000000002a00000)]
  0x000000001e8e9000 JavaThread "http-nio-1981-AsyncTimeout" daemon [_thread_blocked, id=6688, stack(0x0000000020e80000,0x0000000020f80000)]
  0x000000001e8e8000 JavaThread "http-nio-1981-Acceptor-0" daemon [_thread_in_native, id=8348, stack(0x0000000020c90000,0x0000000020d90000)]
  0x000000001e8e7800 JavaThread "http-nio-1981-ClientPoller-1" daemon [_thread_in_native, id=3744, stack(0x0000000020a90000,0x0000000020b90000)]
  0x000000001e8e6800 JavaThread "http-nio-1981-ClientPoller-0" daemon [_thread_in_native, id=6432, stack(0x0000000020950000,0x0000000020a50000)]
  0x000000001e8e6000 JavaThread "http-nio-1981-exec-10" daemon [_thread_blocked, id=5260, stack(0x0000000020760000,0x0000000020860000)]
  0x000000001e8e5000 JavaThread "http-nio-1981-exec-9" daemon [_thread_blocked, id=8564, stack(0x0000000020640000,0x0000000020740000)]
  0x000000001e8e4800 JavaThread "http-nio-1981-exec-8" daemon [_thread_blocked, id=4048, stack(0x00000000204f0000,0x00000000205f0000)]
  0x000000001c736800 JavaThread "http-nio-1981-exec-7" daemon [_thread_blocked, id=5884, stack(0x0000000020380000,0x0000000020480000)]
  0x000000001c736000 JavaThread "http-nio-1981-exec-6" daemon [_thread_blocked, id=1152, stack(0x0000000020250000,0x0000000020350000)]
  0x000000001c735000 JavaThread "http-nio-1981-exec-5" daemon [_thread_blocked, id=5844, stack(0x000000001ffb0000,0x00000000200b0000)]
  0x000000001c734800 JavaThread "http-nio-1981-exec-4" daemon [_thread_blocked, id=6868, stack(0x00000000200b0000,0x00000000201b0000)]
  0x000000001c733800 JavaThread "http-nio-1981-exec-3" daemon [_thread_blocked, id=8080, stack(0x000000001fe60000,0x000000001ff60000)]
  0x000000001c733000 JavaThread "http-nio-1981-exec-2" daemon [_thread_blocked, id=5412, stack(0x000000001dda0000,0x000000001dea0000)]
  0x000000001c732000 JavaThread "http-nio-1981-exec-1" daemon [_thread_blocked, id=6268, stack(0x000000001a8f0000,0x000000001a9f0000)]
  0x000000001c731800 JavaThread "NioBlockingSelector.BlockPoller-1" daemon [_thread_in_native, id=4236, stack(0x000000001fd60000,0x000000001fe60000)]
  0x000000001c730000 JavaThread "HikariPool-1 housekeeper" daemon [_thread_blocked, id=4032, stack(0x000000001ded0000,0x000000001dfd0000)]
  0x000000001c608800 JavaThread "container-0" [_thread_blocked, id=9060, stack(0x000000001b090000,0x000000001b190000)]
  0x000000001c608000 JavaThread "ContainerBackgroundProcessor[StandardEngine[Tomcat]]" daemon [_thread_blocked, id=9036, stack(0x000000001da90000,0x000000001db90000)]
  0x000000001a64b000 JavaThread "JMX server connection timeout 21" daemon [_thread_blocked, id=3700, stack(0x000000001b7c0000,0x000000001b8c0000)]
  0x000000001a620800 JavaThread "RMI Scheduler(0)" daemon [_thread_blocked, id=6920, stack(0x000000001b570000,0x000000001b670000)]
  0x000000001a2c6800 JavaThread "RMI TCP Accept-0" daemon [_thread_in_native, id=4140, stack(0x000000001ac00000,0x000000001ad00000)]
  0x000000001a280000 JavaThread "RMI TCP Accept-59246" daemon [_thread_in_native, id=1196, stack(0x000000001aa00000,0x000000001ab00000)]
  0x000000001a26d800 JavaThread "RMI TCP Accept-0" daemon [_thread_in_native, id=6068, stack(0x000000001a770000,0x000000001a870000)]
  0x0000000018c18000 JavaThread "Service Thread" daemon [_thread_blocked, id=7956, stack(0x0000000019b70000,0x0000000019c70000)]
  0x0000000018c16800 JavaThread "C1 CompilerThread2" daemon [_thread_blocked, id=7288, stack(0x0000000019e30000,0x0000000019f30000)]
  0x0000000018bbd800 JavaThread "C2 CompilerThread1" daemon [_thread_blocked, id=8820, stack(0x0000000019d00000,0x0000000019e00000)]
  0x0000000018bb8800 JavaThread "C2 CompilerThread0" daemon [_thread_blocked, id=2960, stack(0x0000000019a60000,0x0000000019b60000)]
  0x0000000018bab000 JavaThread "JDWP Command Reader" daemon [_thread_in_native, id=5048, stack(0x0000000019560000,0x0000000019660000)]
  0x0000000018ba9800 JavaThread "JDWP Event Helper Thread" daemon [_thread_blocked, id=4640, stack(0x00000000198d0000,0x00000000199d0000)]
  0x0000000018b9e800 JavaThread "JDWP Transport Listener: dt_socket" daemon [_thread_blocked, id=4372, stack(0x00000000197b0000,0x00000000198b0000)]
  0x0000000018b96000 JavaThread "Attach Listener" daemon [_thread_blocked, id=7052, stack(0x00000000192f0000,0x00000000193f0000)]
  0x0000000018b92800 JavaThread "Signal Dispatcher" daemon [_thread_blocked, id=8372, stack(0x00000000190a0000,0x00000000191a0000)]
  0x0000000017825800 JavaThread "Finalizer" daemon [_thread_blocked, id=1248, stack(0x0000000018a90000,0x0000000018b90000)]
  0x00000000177dc800 JavaThread "Reference Handler" daemon [_thread_blocked, id=6496, stack(0x0000000018980000,0x0000000018a80000)]

Other Threads:
=>0x00000000177d1000 VMThread [stack: 0x0000000018790000,0x0000000018890000] [id=8260]
  0x000000001a2c8000 WatcherThread [stack: 0x000000001ad60000,0x000000001ae60000] [id=4092]

VM state:at safepoint (normal execution)

VM Mutex/Monitor currently owned by a thread:  ([mutex/lock_event])
[0x000000000268c120] Threads_lock - owner thread: 0x00000000177d1000

heap address: 0x0000000081600000, size: 2026 MB, Compressed Oops mode: 32-bit
Narrow klass base: 0x0000000000000000, Narrow klass shift: 3
Compressed class space size: 1073741824 Address: 0x000000013fd70000

Heap:
 PSYoungGen      total 290816K, used 144931K [0x00000000d5d00000, 0x00000000ea480000, 0x0000000100000000)
  eden space 274432K, 46% used [0x00000000d5d00000,0x00000000ddab0580,0x00000000e6900000)
  from space 16384K, 99% used [0x00000000e9480000,0x00000000ea458920,0x00000000ea480000)
  to   space 19456K, 0% used [0x00000000e7e80000,0x00000000e7e80000,0x00000000e9180000)
 ParOldGen       total 86528K, used 24562K [0x0000000081600000, 0x0000000086a80000, 0x00000000d5d00000)
  object space 86528K, 28% used [0x0000000081600000,0x0000000082dfc8e0,0x0000000086a80000)
 Metaspace       used 50522K, capacity 52811K, committed 53032K, reserved 1095680K
  class space    used 6754K, capacity 7172K, committed 7208K, reserved 1048576K

Card table byte_map: [0x0000000011dc0000,0x00000000121c0000] byte_map_base: 0x00000000119b5000

Marking Bits: (ParMarkBitMap*) 0x0000000077f74ce0
 Begin Bits: [0x0000000012af0000, 0x0000000014a98000)
 End Bits:   [0x0000000014a98000, 0x0000000016a40000)

Polling page: 0x0000000000310000

CodeCache: size=245760Kb used=9346Kb max_used=9428Kb free=236413Kb
 bounds [0x0000000002a00000, 0x0000000003340000, 0x0000000011a00000]
 total_blobs=4967 nmethods=4419 adapters=468
 compilation: enabled

Compilation events (10 events):
Event: 179.755 Thread 0x0000000018c16800 4463   !   1       java.lang.ClassLoader::loadClass (122 bytes)
Event: 179.756 Thread 0x0000000018c16800 nmethod 4463 0x0000000002d37010 code [0x0000000002d372a0, 0x0000000002d385b8]
Event: 179.756 Thread 0x0000000018c16800 4464       1       java.lang.ClassLoader::getClassLoadingLock (35 bytes)
Event: 179.757 Thread 0x0000000018c16800 nmethod 4464 0x0000000002da3d10 code [0x0000000002da3e80, 0x0000000002da4048]
Event: 179.759 Thread 0x0000000018c16800 4465       1       com.fasterxml.jackson.databind.MapperFeature::getMask (5 bytes)
Event: 179.759 Thread 0x0000000018c16800 nmethod 4465 0x0000000002c044d0 code [0x0000000002c04620, 0x0000000002c04730]
Event: 179.763 Thread 0x0000000018c16800 4466       1       java.util.concurrent.ConcurrentHashMap::put (8 bytes)
Event: 179.763 Thread 0x0000000018c16800 nmethod 4466 0x0000000002ecb9d0 code [0x0000000002ecbb20, 0x0000000002ecbc68]
Event: 195.740 Thread 0x0000000018c16800 4467       1       org.apache.tomcat.util.net.NioEndpoint::access$300 (5 bytes)
Event: 195.740 Thread 0x0000000018c16800 nmethod 4467 0x0000000002d36d50 code [0x0000000002d36ea0, 0x0000000002d36f90]

GC Heap History (10 events):
Event: 3.923 GC heap before
{Heap before GC invocations=8 (full 1):
 PSYoungGen      total 129024K, used 129002K [0x00000000d5d00000, 0x00000000df100000, 0x0000000100000000)
  eden space 119808K, 100% used [0x00000000d5d00000,0x00000000dd200000,0x00000000dd200000)
  from space 9216K, 99% used [0x00000000de800000,0x00000000df0fa918,0x00000000df100000)
  to   space 10752K, 0% used [0x00000000ddc00000,0x00000000ddc00000,0x00000000de680000)
 ParOldGen       total 52224K, used 8966K [0x0000000081600000, 0x0000000084900000, 0x00000000d5d00000)
  object space 52224K, 17% used [0x0000000081600000,0x0000000081ec1ba0,0x0000000084900000)
 Metaspace       used 25469K, capacity 26530K, committed 26880K, reserved 1073152K
  class space    used 3484K, capacity 3718K, committed 3840K, reserved 1048576K
Event: 3.930 GC heap after
Heap after GC invocations=8 (full 1):
 PSYoungGen      total 140800K, used 9782K [0x00000000d5d00000, 0x00000000e4280000, 0x0000000100000000)
  eden space 130048K, 0% used [0x00000000d5d00000,0x00000000d5d00000,0x00000000ddc00000)
  from space 10752K, 90% used [0x00000000ddc00000,0x00000000de58dbb0,0x00000000de680000)
  to   space 11776K, 0% used [0x00000000e3700000,0x00000000e3700000,0x00000000e4280000)
 ParOldGen       total 52224K, used 8974K [0x0000000081600000, 0x0000000084900000, 0x00000000d5d00000)
  object space 52224K, 17% used [0x0000000081600000,0x0000000081ec3ba0,0x0000000084900000)
 Metaspace       used 25469K, capacity 26530K, committed 26880K, reserved 1073152K
  class space    used 3484K, capacity 3718K, committed 3840K, reserved 1048576K
}
Event: 4.627 GC heap before
{Heap before GC invocations=9 (full 1):
 PSYoungGen      total 140800K, used 139830K [0x00000000d5d00000, 0x00000000e4280000, 0x0000000100000000)
  eden space 130048K, 100% used [0x00000000d5d00000,0x00000000ddc00000,0x00000000ddc00000)
  from space 10752K, 90% used [0x00000000ddc00000,0x00000000de58dbb0,0x00000000de680000)
  to   space 11776K, 0% used [0x00000000e3700000,0x00000000e3700000,0x00000000e4280000)
 ParOldGen       total 52224K, used 8974K [0x0000000081600000, 0x0000000084900000, 0x00000000d5d00000)
  object space 52224K, 17% used [0x0000000081600000,0x0000000081ec3ba0,0x0000000084900000)
 Metaspace       used 29815K, capacity 31274K, committed 31488K, reserved 1077248K
  class space    used 4063K, capacity 4350K, committed 4352K, reserved 1048576K
Event: 4.641 GC heap after
Heap after GC invocations=9 (full 1):
 PSYoungGen      total 218624K, used 11774K [0x00000000d5d00000, 0x00000000e5b80000, 0x0000000100000000)
  eden space 206848K, 0% used [0x00000000d5d00000,0x00000000d5d00000,0x00000000e2700000)
  from space 11776K, 99% used [0x00000000e3700000,0x00000000e427fb68,0x00000000e4280000)
  to   space 16384K, 0% used [0x00000000e2700000,0x00000000e2700000,0x00000000e3700000)
 ParOldGen       total 52224K, used 16035K [0x0000000081600000, 0x0000000084900000, 0x00000000d5d00000)
  object space 52224K, 30% used [0x0000000081600000,0x00000000825a8d18,0x0000000084900000)
 Metaspace       used 29815K, capacity 31274K, committed 31488K, reserved 1077248K
  class space    used 4063K, capacity 4350K, committed 4352K, reserved 1048576K
}
Event: 4.988 GC heap before
{Heap before GC invocations=10 (full 1):
 PSYoungGen      total 218624K, used 52385K [0x00000000d5d00000, 0x00000000e5b80000, 0x0000000100000000)
  eden space 206848K, 19% used [0x00000000d5d00000,0x00000000d84a8b88,0x00000000e2700000)
  from space 11776K, 99% used [0x00000000e3700000,0x00000000e427fb68,0x00000000e4280000)
  to   space 16384K, 0% used [0x00000000e2700000,0x00000000e2700000,0x00000000e3700000)
 ParOldGen       total 52224K, used 16035K [0x0000000081600000, 0x0000000084900000, 0x00000000d5d00000)
  object space 52224K, 30% used [0x0000000081600000,0x00000000825a8d18,0x0000000084900000)
 Metaspace       used 33993K, capacity 35443K, committed 35496K, reserved 1079296K
  class space    used 4447K, capacity 4755K, committed 4776K, reserved 1048576K
Event: 4.999 GC heap after
Heap after GC invocations=10 (full 1):
 PSYoungGen      total 223232K, used 15185K [0x00000000d5d00000, 0x00000000ea600000, 0x0000000100000000)
  eden space 206848K, 0% used [0x00000000d5d00000,0x00000000d5d00000,0x00000000e2700000)
  from space 16384K, 92% used [0x00000000e2700000,0x00000000e35d46f0,0x00000000e3700000)
  to   space 17920K, 0% used [0x00000000e9480000,0x00000000e9480000,0x00000000ea600000)
 ParOldGen       total 52224K, used 18275K [0x0000000081600000, 0x0000000084900000, 0x00000000d5d00000)
  object space 52224K, 34% used [0x0000000081600000,0x00000000827d8d28,0x0000000084900000)
 Metaspace       used 33993K, capacity 35443K, committed 35496K, reserved 1079296K
  class space    used 4447K, capacity 4755K, committed 4776K, reserved 1048576K
}
Event: 4.999 GC heap before
{Heap before GC invocations=11 (full 2):
 PSYoungGen      total 223232K, used 15185K [0x00000000d5d00000, 0x00000000ea600000, 0x0000000100000000)
  eden space 206848K, 0% used [0x00000000d5d00000,0x00000000d5d00000,0x00000000e2700000)
  from space 16384K, 92% used [0x00000000e2700000,0x00000000e35d46f0,0x00000000e3700000)
  to   space 17920K, 0% used [0x00000000e9480000,0x00000000e9480000,0x00000000ea600000)
 ParOldGen       total 52224K, used 18275K [0x0000000081600000, 0x0000000084900000, 0x00000000d5d00000)
  object space 52224K, 34% used [0x0000000081600000,0x00000000827d8d28,0x0000000084900000)
 Metaspace       used 33993K, capacity 35443K, committed 35496K, reserved 1079296K
  class space    used 4447K, capacity 4755K, committed 4776K, reserved 1048576K
Event: 5.061 GC heap after
Heap after GC invocations=11 (full 2):
 PSYoungGen      total 223232K, used 0K [0x00000000d5d00000, 0x00000000ea600000, 0x0000000100000000)
  eden space 206848K, 0% used [0x00000000d5d00000,0x00000000d5d00000,0x00000000e2700000)
  from space 16384K, 0% used [0x00000000e2700000,0x00000000e2700000,0x00000000e3700000)
  to   space 17920K, 0% used [0x00000000e9480000,0x00000000e9480000,0x00000000ea600000)
 ParOldGen       total 86528K, used 24554K [0x0000000081600000, 0x0000000086a80000, 0x00000000d5d00000)
  object space 86528K, 28% used [0x0000000081600000,0x0000000082dfa8e0,0x0000000086a80000)
 Metaspace       used 33993K, capacity 35443K, committed 35496K, reserved 1079296K
  class space    used 4447K, capacity 4755K, committed 4776K, reserved 1048576K
}
Event: 6.570 GC heap before
{Heap before GC invocations=12 (full 2):
 PSYoungGen      total 223232K, used 206848K [0x00000000d5d00000, 0x00000000ea600000, 0x0000000100000000)
  eden space 206848K, 100% used [0x00000000d5d00000,0x00000000e2700000,0x00000000e2700000)
  from space 16384K, 0% used [0x00000000e2700000,0x00000000e2700000,0x00000000e3700000)
  to   space 17920K, 0% used [0x00000000e9480000,0x00000000e9480000,0x00000000ea600000)
 ParOldGen       total 86528K, used 24554K [0x0000000081600000, 0x0000000086a80000, 0x00000000d5d00000)
  object space 86528K, 28% used [0x0000000081600000,0x0000000082dfa8e0,0x0000000086a80000)
 Metaspace       used 46349K, capacity 48309K, committed 48424K, reserved 1091584K
  class space    used 6216K, capacity 6610K, committed 6696K, reserved 1048576K
Event: 6.583 GC heap after
Heap after GC invocations=12 (full 2):
 PSYoungGen      total 290816K, used 16226K [0x00000000d5d00000, 0x00000000ea480000, 0x0000000100000000)
  eden space 274432K, 0% used [0x00000000d5d00000,0x00000000d5d00000,0x00000000e6900000)
  from space 16384K, 99% used [0x00000000e9480000,0x00000000ea458920,0x00000000ea480000)
  to   space 19456K, 0% used [0x00000000e7e80000,0x00000000e7e80000,0x00000000e9180000)
 ParOldGen       total 86528K, used 24562K [0x0000000081600000, 0x0000000086a80000, 0x00000000d5d00000)
  object space 86528K, 28% used [0x0000000081600000,0x0000000082dfc8e0,0x0000000086a80000)
 Metaspace       used 46349K, capacity 48309K, committed 48424K, reserved 1091584K
  class space    used 6216K, capacity 6610K, committed 6696K, reserved 1048576K
}

Deoptimization events (0 events):
No events

Classes redefined (1 events):
Event: 45.562 Thread 0x00000000177d1000 redefined class name=com.cg.emp.controller.EmployeeController, count=1

Internal exceptions (10 events):
Event: 12.979 Thread 0x000000001c733000 Exception <a 'java/lang/ClassNotFoundException': org/springframework/web/servlet/ThemeResolverCustomizer> (0x00000000dbbd00b8) thrown at [C:\re\workspace\8-2-build-windows-amd64-cygwin\jdk8u201\12322\hotspot\src\share\vm\classfile\systemDictionary.cpp, li
Event: 12.981 Thread 0x000000001c733000 Exception <a 'java/lang/ClassNotFoundException': java/lang/ObjectCustomizer> (0x00000000dbc042b8) thrown at [C:\re\workspace\8-2-build-windows-amd64-cygwin\jdk8u201\12322\hotspot\src\share\vm\classfile\systemDictionary.cpp, line 210]
Event: 12.983 Thread 0x000000001c733000 Exception <a 'java/lang/ClassNotFoundException': org/springframework/web/servlet/view/DefaultRequestToViewNameTranslatorCustomizer> (0x00000000dbc2c8e0) thrown at [C:\re\workspace\8-2-build-windows-amd64-cygwin\jdk8u201\12322\hotspot\src\share\vm\classfil
Event: 12.984 Thread 0x000000001c733000 Exception <a 'java/lang/ClassNotFoundException': org/springframework/web/servlet/RequestToViewNameTranslatorCustomizer> (0x00000000dbc5fb68) thrown at [C:\re\workspace\8-2-build-windows-amd64-cygwin\jdk8u201\12322\hotspot\src\share\vm\classfile\systemDict
Event: 12.987 Thread 0x000000001c733000 Exception <a 'java/lang/ClassNotFoundException': java/lang/ObjectCustomizer> (0x00000000dbcb78f8) thrown at [C:\re\workspace\8-2-build-windows-amd64-cygwin\jdk8u201\12322\hotspot\src\share\vm\classfile\systemDictionary.cpp, line 210]
Event: 12.988 Thread 0x000000001c733000 Exception <a 'java/lang/ClassNotFoundException': org/springframework/web/servlet/support/AbstractFlashMapManagerCustomizer> (0x00000000dbcdd770) thrown at [C:\re\workspace\8-2-build-windows-amd64-cygwin\jdk8u201\12322\hotspot\src\share\vm\classfile\system
Event: 12.990 Thread 0x000000001c733000 Exception <a 'java/lang/ClassNotFoundException': org/springframework/web/servlet/support/SessionFlashMapManagerCustomizer> (0x00000000dbd074f8) thrown at [C:\re\workspace\8-2-build-windows-amd64-cygwin\jdk8u201\12322\hotspot\src\share\vm\classfile\systemD
Event: 12.991 Thread 0x000000001c733000 Exception <a 'java/lang/ClassNotFoundException': org/springframework/web/servlet/FlashMapManagerCustomizer> (0x00000000dbd27cf0) thrown at [C:\re\workspace\8-2-build-windows-amd64-cygwin\jdk8u201\12322\hotspot\src\share\vm\classfile\systemDictionary.cpp, 
Event: 49.405 Thread 0x000000001c733000 Exception <a 'java/lang/ClassNotFoundException': java/lang/ObjectCustomizer> (0x00000000dc8446f0) thrown at [C:\re\workspace\8-2-build-windows-amd64-cygwin\jdk8u201\12322\hotspot\src\share\vm\classfile\systemDictionary.cpp, line 210]
Event: 49.407 Thread 0x000000001c733000 Exception <a 'java/lang/ClassNotFoundException': com/cg/emp/entities/GradeMasterCustomizer> (0x00000000dc8621e0) thrown at [C:\re\workspace\8-2-build-windows-amd64-cygwin\jdk8u201\12322\hotspot\src\share\vm\classfile\systemDictionary.cpp, line 210]

Events (10 events):
Event: 195.084 Executing VM operation: GetOrSetLocal
Event: 195.084 Executing VM operation: GetOrSetLocal done
Event: 195.085 Executing VM operation: GetOrSetLocal
Event: 195.085 Executing VM operation: GetOrSetLocal done
Event: 195.089 Executing VM operation: GetOrSetLocal
Event: 195.089 Executing VM operation: GetOrSetLocal done
Event: 195.089 Executing VM operation: GetOrSetLocal
Event: 195.090 Executing VM operation: GetOrSetLocal done
Event: 195.741 Thread 0x0000000018c16800 flushing nmethod 0x0000000003091c10
Event: 217.318 Executing VM operation: RedefineClasses


Dynamic libraries:
0x000000013fd10000 - 0x000000013fd47000 	C:\Program Files\Java\jre1.8.0_201\bin\javaw.exe
0x0000000077140000 - 0x00000000772df000 	C:\WINDOWS\SYSTEM32\ntdll.dll
0x0000000076f20000 - 0x000000007703f000 	C:\WINDOWS\system32\kernel32.dll
0x000007fefce10000 - 0x000007fefce7a000 	C:\WINDOWS\system32\KERNELBASE.dll
0x0000000074970000 - 0x0000000074a05000 	C:\WINDOWS\System32\SYSFER.DLL
0x000007fefd8f0000 - 0x000007fefd9cb000 	C:\WINDOWS\system32\ADVAPI32.dll
0x000007fefd850000 - 0x000007fefd8ef000 	C:\WINDOWS\system32\msvcrt.dll
0x000007fefd830000 - 0x000007fefd84f000 	C:\WINDOWS\SYSTEM32\sechost.dll
0x000007feff090000 - 0x000007feff1bd000 	C:\WINDOWS\system32\RPCRT4.dll
0x0000000053eb0000 - 0x00000000541cb000 	C:\ProgramData\Symantec\Symantec Endpoint Protection\14.0.3876.1100.105\Data\Definitions\IPSDefs\20190328.061\IPSEng64.dll
0x00000000772f0000 - 0x00000000772f7000 	C:\WINDOWS\system32\PSAPI.DLL
0x0000000077040000 - 0x000000007713a000 	C:\WINDOWS\system32\USER32.dll
0x000007fefd340000 - 0x000007fefd3a7000 	C:\WINDOWS\system32\GDI32.dll
0x000007fefd150000 - 0x000007fefd15e000 	C:\WINDOWS\system32\LPK.dll
0x000007fefd050000 - 0x000007fefd11b000 	C:\WINDOWS\system32\USP10.dll
0x000007fefb490000 - 0x000007fefb684000 	C:\WINDOWS\WinSxS\amd64_microsoft.windows.common-controls_6595b64144ccf1df_6.0.7601.18837_none_fa3b1e3d17594757\COMCTL32.dll
0x000007fefd9d0000 - 0x000007fefda41000 	C:\WINDOWS\system32\SHLWAPI.dll
0x000007fefc9e0000 - 0x000007fefc9e3000 	C:\WINDOWS\system32\api-ms-win-core-synch-l1-2-0.DLL
0x000007fefead0000 - 0x000007fefeafe000 	C:\WINDOWS\system32\IMM32.DLL
0x000007fefd450000 - 0x000007fefd559000 	C:\WINDOWS\system32\MSCTF.dll
0x000007fefca90000 - 0x000007fefcbfb000 	C:\Program Files\Avecto\Privilege Guard Client\PGHook.dll
0x000007fefc9c0000 - 0x000007fefc9d8000 	C:\WINDOWS\system32\CRYPTSP.dll
0x000007fefc970000 - 0x000007fefc9b7000 	C:\WINDOWS\system32\rsaenh.dll
0x000007fefc920000 - 0x000007fefc92f000 	C:\WINDOWS\system32\CRYPTBASE.dll
0x0000000059730000 - 0x0000000059801000 	C:\Program Files\Java\jre1.8.0_201\bin\msvcr100.dll
0x0000000077750000 - 0x0000000077ff4000 	C:\Program Files\Java\jre1.8.0_201\bin\server\jvm.dll
0x000007fef72e0000 - 0x000007fef72e9000 	C:\WINDOWS\system32\WSOCK32.dll
0x000007fefdc50000 - 0x000007fefdc9d000 	C:\WINDOWS\system32\WS2_32.dll
0x000007fefd140000 - 0x000007fefd148000 	C:\WINDOWS\system32\NSI.dll
0x000007fefa1f0000 - 0x000007fefa22b000 	C:\WINDOWS\system32\WINMM.dll
0x000007fefbb60000 - 0x000007fefbb6c000 	C:\WINDOWS\system32\VERSION.dll
0x000007fefaae0000 - 0x000007fefaaef000 	C:\Program Files\Java\jre1.8.0_201\bin\verify.dll
0x000007fefa500000 - 0x000007fefa529000 	C:\Program Files\Java\jre1.8.0_201\bin\java.dll
0x000007fefa0b0000 - 0x000007fefa0e5000 	C:\Program Files\Java\jre1.8.0_201\bin\jdwp.dll
0x000007fefaad0000 - 0x000007fefaad8000 	C:\Program Files\Java\jre1.8.0_201\bin\npt.dll
0x000007fefa830000 - 0x000007fefa846000 	C:\Program Files\Java\jre1.8.0_201\bin\zip.dll
0x000007fefdd40000 - 0x000007fefeaca000 	C:\WINDOWS\system32\SHELL32.dll
0x000007fefda50000 - 0x000007fefdc4f000 	C:\WINDOWS\system32\ole32.dll
0x000007fefcca0000 - 0x000007fefccaf000 	C:\WINDOWS\system32\profapi.dll
0x000007fefa670000 - 0x000007fefa679000 	C:\Program Files\Java\jre1.8.0_201\bin\dt_socket.dll
0x000007fef9a50000 - 0x000007fef9a65000 	C:\WINDOWS\system32\NLAapi.dll
0x000007fef8ea0000 - 0x000007fef8eb5000 	C:\WINDOWS\system32\napinsp.dll
0x000007fef8ec0000 - 0x000007fef8ed9000 	C:\WINDOWS\system32\pnrpnsp.dll
0x000007fefc250000 - 0x000007fefc2a5000 	C:\WINDOWS\System32\mswsock.dll
0x000007fefc0d0000 - 0x000007fefc12b000 	C:\WINDOWS\system32\DNSAPI.dll
0x000007fef8e90000 - 0x000007fef8e9b000 	C:\WINDOWS\System32\winrnr.dll
0x000007fef9960000 - 0x000007fef9987000 	C:\WINDOWS\system32\IPHLPAPI.DLL
0x000007fef9950000 - 0x000007fef995b000 	C:\WINDOWS\system32\WINNSI.DLL
0x000007fef9780000 - 0x000007fef97d3000 	C:\WINDOWS\System32\fwpuclnt.dll
0x000007fef8ee0000 - 0x000007fef8ee8000 	C:\WINDOWS\system32\rasadhlp.dll
0x000007fefbc30000 - 0x000007fefbc37000 	C:\WINDOWS\System32\wshtcpip.dll
0x000007fefa530000 - 0x000007fefa53d000 	C:\Program Files\Java\jre1.8.0_201\bin\management.dll
0x000007fefa540000 - 0x000007fefa55a000 	C:\Program Files\Java\jre1.8.0_201\bin\net.dll
0x000007feff2a0000 - 0x000007feff428000 	C:\WINDOWS\system32\urlmon.dll
0x000007fefcdd0000 - 0x000007fefcdd4000 	C:\WINDOWS\system32\api-ms-win-downlevel-ole32-l1-1-0.dll
0x000007fefcde0000 - 0x000007fefcde4000 	C:\WINDOWS\system32\api-ms-win-downlevel-shlwapi-l1-1-0.dll
0x000007fefcdf0000 - 0x000007fefcdf5000 	C:\WINDOWS\system32\api-ms-win-downlevel-advapi32-l1-1-0.dll
0x000007fefce00000 - 0x000007fefce04000 	C:\WINDOWS\system32\api-ms-win-downlevel-user32-l1-1-0.dll
0x000007fefce80000 - 0x000007fefce84000 	C:\WINDOWS\system32\api-ms-win-downlevel-version-l1-1-0.dll
0x000007fefd040000 - 0x000007fefd043000 	C:\WINDOWS\system32\api-ms-win-downlevel-normaliz-l1-1-0.dll
0x00000000772e0000 - 0x00000000772e3000 	C:\WINDOWS\system32\normaliz.DLL
0x000007fefd560000 - 0x000007fefd82a000 	C:\WINDOWS\system32\iertutil.dll
0x000007fefeb00000 - 0x000007fefefac000 	C:\WINDOWS\system32\WININET.dll
0x000007fefcd90000 - 0x000007fefcdae000 	C:\WINDOWS\system32\USERENV.dll
0x000007fefc240000 - 0x000007fefc247000 	C:\WINDOWS\System32\wship6.dll
0x000007fef9420000 - 0x000007fef9431000 	C:\Program Files\Java\jre1.8.0_201\bin\nio.dll
0x000007fef9630000 - 0x000007fef9641000 	C:\WINDOWS\system32\dhcpcsvc6.DLL
0x000007fef9650000 - 0x000007fef9668000 	C:\WINDOWS\system32\dhcpcsvc.DLL
0x000007fef8900000 - 0x000007fef8a25000 	C:\WINDOWS\system32\dbghelp.dll

VM Arguments:
jvm_args: -agentlib:jdwp=transport=dt_socket,suspend=y,address=localhost:59247 -Dcom.sun.management.jmxremote -Dcom.sun.management.jmxremote.port=59246 -Dcom.sun.management.jmxremote.authenticate=false -Dcom.sun.management.jmxremote.ssl=false -Djava.rmi.server.hostname=localhost -Dspring.jmx.enabled=true -Dspring.liveBeansView.mbeanDomain -Dspring.application.admin.enabled=true -Xverify:none -XX:TieredStopAtLevel=1 -Dfile.encoding=UTF-8 
java_command: com.cg.emp.MyMain --spring.output.ansi.enabled=always
java_class_path (initial): C:\Satya\employee_management\employee_management_mymain\target\classes;C:\Users\sgolthi\Downloads\sts-bundle\pivotal-tc-server\runtimes\tomcat-9.0.13.B.RELEASE\lib\annotations-api.jar;C:\Users\sgolthi\Downloads\sts-bundle\pivotal-tc-server\runtimes\tomcat-9.0.13.B.RELEASE\lib\catalina-ant.jar;C:\Users\sgolthi\Downloads\sts-bundle\pivotal-tc-server\runtimes\tomcat-9.0.13.B.RELEASE\lib\catalina-ha.jar;C:\Users\sgolthi\Downloads\sts-bundle\pivotal-tc-server\runtimes\tomcat-9.0.13.B.RELEASE\lib\catalina-storeconfig.jar;C:\Users\sgolthi\Downloads\sts-bundle\pivotal-tc-server\runtimes\tomcat-9.0.13.B.RELEASE\lib\catalina-tribes.jar;C:\Users\sgolthi\Downloads\sts-bundle\pivotal-tc-server\runtimes\tomcat-9.0.13.B.RELEASE\lib\catalina.jar;C:\Users\sgolthi\Downloads\sts-bundle\pivotal-tc-server\runtimes\tomcat-9.0.13.B.RELEASE\lib\ecj-4.7.3a.jar;C:\Users\sgolthi\Downloads\sts-bundle\pivotal-tc-server\runtimes\tomcat-9.0.13.B.RELEASE\lib\el-api.jar;C:\Users\sgolthi\Downloads\sts-bundle\pivotal-tc-server\runtimes\tomcat-9.0.13.B.RELEASE\lib\jasper-el.jar;C:\Users\sgolthi\Downloads\sts-bundle\pivotal-tc-server\runtimes\tomcat-9.0.13.B.RELEASE\lib\jasper.jar;C:\Users\sgolthi\Downloads\sts-bundle\pivotal-tc-server\runtimes\tomcat-9.0.13.B.RELEASE\lib\jaspic-api.jar;C:\Users\sgolthi\Downloads\sts-bundle\pivotal-tc-server\runtimes\tomcat-9.0.13.B.RELEASE\lib\jsp-api.jar;C:\Users\sgolthi\Downloads\sts-bundle\pivotal-tc-server\runtimes\tomcat-9.0.13.B.RELEASE\lib\security\bcpkix-jdk15on-1.60.jar;C:\Users\sgolthi\Downloads\sts-bundle\pivotal-tc-server\runtimes\tomcat-9.0.13.B.RELEASE\lib\security\bcprov-jdk15on-1.60.jar;C:\Users\sgolthi\Downloads\sts-bundle\pivotal-tc-server\runtimes\tomcat-9.0.13.B.RELEASE\lib\security\jasypt-1.9.2.jar;C:\Users\sgolthi\Downloads\sts-bundle\pivotal-tc-server\runtimes\tomcat-9.0.13.B.RELEASE\lib\servlet-api.jar;C:\Users\sgolthi\Downloads\sts-bundle\pivotal-tc-server\runtimes\tomcat-9.0.13.B.RELEASE\lib\tcServer9.jar;C:\Users
Launcher Type: SUN_STANDARD

Environment Variables:
JAVA_HOME=C:\Program Files\Java\jdk1.8.0_201\bin
PATH=C:/Program Files/Java/jre1.8.0_201/bin/server;C:/Program Files/Java/jre1.8.0_201/bin;C:/Program Files/Java/jre1.8.0_201/lib/amd64;C:\Program Files (x86)\Common Files\Oracle\Java\javapath;C:\ProgramData\Oracle\Java\javapath;C:\WINDOWS\system32;C:\WINDOWS;C:\WINDOWS\System32\Wbem;C:\Program Files\nodejs\;C:\Program Files\Git\cmd;C:\Program Files\TortoiseSVN\bin;C:\Program Files\PuTTY\;C:\WINDOWS\System32\WindowsPowerShell\v1.0\;C:\Users\sumudunu\Downloads\apache-maven-3.6.0-bin\apache-maven-3.6.0\bin;C:\Program Files\Java\jdk-11.0.2\bin;C:\Program Files\Java\jdk1.8.0_201\bin;C:\Users\sgolthi\Downloads\sts-bundle\sts-3.9.8.RELEASE;
USERNAME=sgolthi
OS=Windows_NT
PROCESSOR_IDENTIFIER=Intel64 Family 6 Model 60 Stepping 3, GenuineIntel



---------------  S Y S T E M  ---------------

OS: Windows 7 , 64 bit Build 7601 (6.1.7601.24308)

CPU:total 4 (initial active 4) (4 cores per cpu, 1 threads per core) family 6 model 60 stepping 3, cmov, cx8, fxsr, mmx, sse, sse2, sse3, ssse3, sse4.1, sse4.2, popcnt, avx, avx2, aes, clmul, erms, rtm, lzcnt, tsc, tscinvbit, bmi1, bmi2

Memory: 4k page, physical 8294544k(3081284k free), swap 16587188k(10308048k free)

vm_info: Java HotSpot(TM) 64-Bit Server VM (25.201-b09) for windows-amd64 JRE (1.8.0_201-b09), built on Dec 15 2018 18:36:39 by "java_re" with MS VC++ 10.0 (VS2010)

time: Fri Mar 29 12:14:40 2019
timezone: India Standard Time
elapsed time: 217 seconds (0d 0h 3m 37s)

